timestamp: 2010-11-04T19:54:07.547367
CREATE TABLE auth_user(
    id INTEGER PRIMARY KEY AUTOINCREMENT,
    first_name CHAR(128),
    last_name CHAR(128),
    username CHAR(128) UNIQUE,
    password CHAR(256),
    registration_key CHAR(128)
);
success!
timestamp: 2010-11-04T19:54:07.669089
CREATE TABLE auth_group(
    id INTEGER PRIMARY KEY AUTOINCREMENT,
    role CHAR(512),
    description TEXT
);
success!
timestamp: 2010-11-04T19:54:07.781056
CREATE TABLE auth_membership(
    id INTEGER PRIMARY KEY AUTOINCREMENT,
    user_id INTEGER REFERENCES auth_user(id) ON DELETE CASCADE,
    group_id INTEGER REFERENCES auth_group(id) ON DELETE CASCADE
);
success!
timestamp: 2010-11-04T19:54:07.875449
CREATE TABLE auth_permission(
    id INTEGER PRIMARY KEY AUTOINCREMENT,
    group_id INTEGER REFERENCES auth_group(id) ON DELETE CASCADE,
    name CHAR(512),
    table_name CHAR(512),
    record_id INTEGER
);
success!
timestamp: 2010-11-04T19:54:08.030670
CREATE TABLE auth_event(
    id INTEGER PRIMARY KEY AUTOINCREMENT,
    time_stamp TIMESTAMP,
    client_ip CHAR(512),
    user_id INTEGER REFERENCES auth_user(id) ON DELETE CASCADE,
    origin CHAR(512),
    description TEXT
);
success!
timestamp: 2010-11-15T11:04:36.285712
CREATE TABLE characters(
    id INTEGER PRIMARY KEY AUTOINCREMENT,
    name CHAR(512),
    pic CHAR(512),
    answer CHAR(512),
    description TEXT
);
success!
timestamp: 2010-11-15T14:15:47.074387
ALTER TABLE auth_user ADD reset_password_key CHAR(512);
timestamp: 2010-11-15T14:15:47.118110
ALTER TABLE auth_user ADD email CHAR(512);
timestamp: 2010-11-25T11:01:31.501481
CREATE TABLE users(
    id INTEGER PRIMARY KEY AUTOINCREMENT,
    uid CHAR(25),
    character_id INTEGER REFERENCES characters(id) ON DELETE CASCADE
);
success!
timestamp: 2010-11-25T11:02:09.234898
ALTER TABLE users ADD facebook_id CHAR(25);
timestamp: 2010-11-25T11:02:52.806278
CREATE TABLE fb_users(
    id INTEGER PRIMARY KEY AUTOINCREMENT,
    uid CHAR(25),
    character_id INTEGER REFERENCES characters(id) ON DELETE CASCADE
);
success!
timestamp: 2010-11-25T11:03:09.341970
ALTER TABLE fb_users ADD fb_id CHAR(25);
timestamp: 2010-11-25T11:07:32.028418
ALTER TABLE fb_users ADD fb_uid CHAR(30);
timestamp: 2010-11-25T13:03:37.688866
ALTER TABLE fb_users ADD fb_token CHAR(512);
